[debug] Command-line config: ['-v', '-f', 'bestaudio', '--output', 'downloads/%(title)s.%(ext)s', '--user-agent', 'Mozilla/5.0 (Windows NT 10.0; Win64; x64) AppleWebKit/537.36', 'https://soundcloud.com/kygo/dean-lewis-lost-without-you']
[debug] Encodings: locale UTF-8, fs utf-8, pref UTF-8, out utf-8 (No ANSI), error utf-8 (No ANSI), screen utf-8 (No ANSI)
[debug] yt-dlp version stable@2026.03.17 from yt-dlp/yt-dlp [04d6974f5] (pip)
[debug] Python 3.11.15 (CPython x86_64 64bit) - Linux-6.17.0-1010-azure-x86_64-with-glibc2.39 (OpenSSL 3.0.13 30 Jan 2024, glibc 2.39)
[debug] exe versions: none
[debug] Optional libraries: sqlite3-3.45.1
[debug] JS runtimes: none
[debug] Proxy map: {}
[debug] Request Handlers: urllib
[debug] Plugin directories: none
[debug] Loaded 1864 extractors
[soundcloud] Downloading main page
[soundcloud] Downloading JS asset
[debug] Saving soundcloud.client_id to cache
[soundcloud] Extracting URL: https://soundcloud.com/kygo/dean-lewis-lost-without-you
[soundcloud] kygo/dean-lewis-lost-without-you: Downloading info JSON
ERROR: [soundcloud] Unable to download JSON metadata: HTTP Error 404: Not Found (caused by <HTTPError 404: Not Found>)
  File "/opt/hostedtoolcache/Python/3.11.15/x64/lib/python3.11/site-packages/yt_dlp/extractor/common.py", line 765, in extract
    ie_result = self._real_extract(url)
                ^^^^^^^^^^^^^^^^^^^^^^^
  File "/opt/hostedtoolcache/Python/3.11.15/x64/lib/python3.11/site-packages/yt_dlp/extractor/soundcloud.py", line 723, in _real_extract
    info = self._call_api(
           ^^^^^^^^^^^^^^^
  File "/opt/hostedtoolcache/Python/3.11.15/x64/lib/python3.11/site-packages/yt_dlp/extractor/soundcloud.py", line 144, in _call_api
    return self._download_json(*args, **kwargs)
           ^^^^^^^^^^^^^^^^^^^^^^^^^^^^^^^^^^^^
  File "/opt/hostedtoolcache/Python/3.11.15/x64/lib/python3.11/site-packages/yt_dlp/extractor/common.py", line 1153, in download_content
    res = getattr(self, download_handle.__name__)(url_or_request, video_id, **kwargs)
          ^^^^^^^^^^^^^^^^^^^^^^^^^^^^^^^^^^^^^^^^^^^^^^^^^^^^^^^^^^^^^^^^^^^^^^^^^^^
  File "/opt/hostedtoolcache/Python/3.11.15/x64/lib/python3.11/site-packages/yt_dlp/extractor/common.py", line 1111, in download_handle
    res = self._download_webpage_handle(
          ^^^^^^^^^^^^^^^^^^^^^^^^^^^^^^
  File "/opt/hostedtoolcache/Python/3.11.15/x64/lib/python3.11/site-packages/yt_dlp/extractor/common.py", line 976, in _download_webpage_handle
    urlh = self._request_webpage(url_or_request, video_id, note, errnote, fatal, data=data,
           ^^^^^^^^^^^^^^^^^^^^^^^^^^^^^^^^^^^^^^^^^^^^^^^^^^^^^^^^^^^^^^^^^^^^^^^^^^^^^^^^
  File "/opt/hostedtoolcache/Python/3.11.15/x64/lib/python3.11/site-packages/yt_dlp/extractor/common.py", line 925, in _request_webpage
    raise ExtractorError(errmsg, cause=err)

  File "/opt/hostedtoolcache/Python/3.11.15/x64/lib/python3.11/site-packages/yt_dlp/networking/_urllib.py", line 419, in _send
    res = opener.open(urllib_req, timeout=self._calculate_timeout(request))
          ^^^^^^^^^^^^^^^^^^^^^^^^^^^^^^^^^^^^^^^^^^^^^^^^^^^^^^^^^^^^^^^^^
  File "/opt/hostedtoolcache/Python/3.11.15/x64/lib/python3.11/urllib/request.py", line 525, in open
    response = meth(req, response)
               ^^^^^^^^^^^^^^^^^^^
  File "/opt/hostedtoolcache/Python/3.11.15/x64/lib/python3.11/urllib/request.py", line 634, in http_response
    response = self.parent.error(
               ^^^^^^^^^^^^^^^^^^
  File "/opt/hostedtoolcache/Python/3.11.15/x64/lib/python3.11/urllib/request.py", line 563, in error
    return self._call_chain(*args)
           ^^^^^^^^^^^^^^^^^^^^^^^
  File "/opt/hostedtoolcache/Python/3.11.15/x64/lib/python3.11/urllib/request.py", line 496, in _call_chain
    result = func(*args)
             ^^^^^^^^^^^
  File "/opt/hostedtoolcache/Python/3.11.15/x64/lib/python3.11/urllib/request.py", line 643, in http_error_default
    raise HTTPError(req.full_url, code, msg, hdrs, fp)
urllib.error.HTTPError: HTTP Error 404: Not Found

The above exception was the direct cause of the following exception:

Traceback (most recent call last):
  File "/opt/hostedtoolcache/Python/3.11.15/x64/lib/python3.11/site-packages/yt_dlp/extractor/common.py", line 912, in _request_webpage
    return self._downloader.urlopen(self._create_request(url_or_request, data, headers, query, extensions))
           ^^^^^^^^^^^^^^^^^^^^^^^^^^^^^^^^^^^^^^^^^^^^^^^^^^^^^^^^^^^^^^^^^^^^^^^^^^^^^^^^^^^^^^^^^^^^^^^^
  File "/opt/hostedtoolcache/Python/3.11.15/x64/lib/python3.11/site-packages/yt_dlp/YoutubeDL.py", line 4260, in urlopen
    return self._request_director.send(req)
           ^^^^^^^^^^^^^^^^^^^^^^^^^^^^^^^^
  File "/opt/hostedtoolcache/Python/3.11.15/x64/lib/python3.11/site-packages/yt_dlp/networking/common.py", line 117, in send
    response = handler.send(request)
               ^^^^^^^^^^^^^^^^^^^^^
  File "/opt/hostedtoolcache/Python/3.11.15/x64/lib/python3.11/site-packages/yt_dlp/networking/_helper.py", line 194, in wrapper
    return func(self, *args, **kwargs)
           ^^^^^^^^^^^^^^^^^^^^^^^^^^^
  File "/opt/hostedtoolcache/Python/3.11.15/x64/lib/python3.11/site-packages/yt_dlp/networking/common.py", line 359, in send
    return self._send(request)
           ^^^^^^^^^^^^^^^^^^^
  File "/opt/hostedtoolcache/Python/3.11.15/x64/lib/python3.11/site-packages/yt_dlp/networking/_urllib.py", line 424, in _send
    raise HTTPError(UrllibResponseAdapter(e.fp), redirect_loop='redirect error' in str(e)) from e
yt_dlp.networking.exceptions.HTTPError: HTTP Error 404: Not Found

